<?xml version="1.0" encoding="UTF-8"?>
<!-- Generated by org.testng.reporters.JUnitReportReporter -->
<testsuite hostname="ANKUSH1111" failures="0" tests="2" name="TEST.signup" time="26.039" errors="0" timestamp="2023-03-12T09:15:44 IST" skipped="0">
  <testcase classname="TEST.signup" name="test002" time="14.126"/>
  <system-out>
    <![CDATA[FisrName  Value Successfully send ==<b>Nitin</b>
LastName  Value Successfully send ==<b>Dhakanefgff</b>
Phone  Value Successfully send ==<b>2147483647</b>
Email  Value Successfully send ==<b>NitinDhakane007@gmail.com</b>
Address  Value Successfully send ==<b>Thaltej</b>
City  Value Successfully send ==<b>Ahmedabad</b>
State  Value Successfully send ==<b>Gujrat</b>
Postalcode  Value Successfully send ==<b>431105</b>
Country Dropdown Value Successfully selected==<b>BOLIVIA</b>
User Name  Value Successfully send ==<b>NITINDADA</b>
Password  Value Successfully send ==<b>Ankush@11</b>
ConfirmPassWord  Value Successfully send ==<b>Ankush@11</b>
Click SuccessFulyy==Submit Button]]>
  </system-out>
  <testcase classname="TEST.signup" name="test001" time="11.913"/>
  <system-out>
    <![CDATA[FisrName  Value Successfully send ==<b>Nitin</b>
LastName  Value Successfully send ==<b>Dhakane</b>
Phone  Value Successfully send ==<b>2147483647</b>
Email  Value Successfully send ==<b>NitinDhakane007@gmail.com</b>
Address  Value Successfully send ==<b>Thaltej</b>
City  Value Successfully send ==<b>Ahmedabad</b>
State  Value Successfully send ==<b>Gujrat</b>
Postalcode  Value Successfully send ==<b>431105</b>
Country Dropdown Value Successfully selected==<b>BOLIVIA</b>
User Name  Value Successfully send ==<b>NI3</b>
Password  Value Successfully send ==<b>Ankush@11</b>
ConfirmPassWord  Value Successfully send ==<b>Ankush@11</b>
Click SuccessFulyy==Submit Button]]>
  </system-out>
</testsuite> <!-- TEST.signup -->
