<?xml version="1.0" encoding="UTF-8"?>
<!-- Generated by org.testng.reporters.JUnitReportReporter -->
<testsuite hostname="ANKUSH1111" failures="0" tests="1" name="TEST.facebook_login" time="8.965" errors="0" timestamp="2023-03-12T12:11:49 IST" skipped="0">
  <testcase classname="TEST.facebook_login" name="test001" time="8.965"/>
  <system-out>
    <![CDATA[Username  Value Successfully send ==<b></b>
Pssword  Value Successfully send ==<b>Pass@123</b>
Click SuccessFulyy==Login]]>
  </system-out>
</testsuite> <!-- TEST.facebook_login -->
